# JRE version: Java(TM) SE Runtime Environment (8.0_211-b12) (build 1.8.0_211-b12)
# Java VM: Java HotSpot(TM) 64-Bit Server VM (25.211-b12 mixed mode windows-amd64 compressed oops)
Heap:
 PSYoungGen      total 119296K, used 2253K [0x00000000daf00000, 0x00000000eb100000, 0x0000000100000000)
  eden space 114688K, 1% used [0x00000000daf00000,0x00000000db133558,0x00000000e1f00000)
  from space 4608K, 0% used [0x00000000e1f00000,0x00000000e1f00000,0x00000000e2380000)
  to   space 17408K, 0% used [0x00000000ea000000,0x00000000ea000000,0x00000000eb100000)
 ParOldGen       total 83456K, used 27776K [0x0000000090c00000, 0x0000000095d80000, 0x00000000daf00000)
  object space 83456K, 33% used [0x0000000090c00000,0x00000000927200e8,0x0000000095d80000)
 Metaspace       used 21407K, capacity 21762K, committed 21936K, reserved 1069056K
  class space    used 2699K, capacity 2783K, committed 2816K, reserved 1048576K
GC Heap History (10 events):
Event: 5.412 GC heap before
{Heap before GC invocations=2 (full 0):
 PSYoungGen      total 33280K, used 33263K [0x00000000daf00000, 0x00000000df000000, 0x0000000100000000)
  eden space 28672K, 100% used [0x00000000daf00000,0x00000000dcb00000,0x00000000dcb00000)
  from space 4608K, 99% used [0x00000000dcb00000,0x00000000dcf7bdf0,0x00000000dcf80000)
  to   space 4608K, 0% used [0x00000000deb80000,0x00000000deb80000,0x00000000df000000)
 ParOldGen       total 76800K, used 708K [0x0000000090c00000, 0x0000000095700000, 0x00000000daf00000)
  object space 76800K, 0% used [0x0000000090c00000,0x0000000090cb1388,0x0000000095700000)
 Metaspace       used 8250K, capacity 8326K, committed 8576K, reserved 1056768K
  class space    used 1025K, capacity 1045K, committed 1152K, reserved 1048576K
Event: 5.502 GC heap after
Heap after GC invocations=2 (full 0):
 PSYoungGen      total 61952K, used 4607K [0x00000000daf00000, 0x00000000df000000, 0x0000000100000000)
  eden space 57344K, 0% used [0x00000000daf00000,0x00000000daf00000,0x00000000de700000)
  from space 4608K, 99% used [0x00000000deb80000,0x00000000deffff38,0x00000000df000000)
  to   space 4608K, 0% used [0x00000000de700000,0x00000000de700000,0x00000000deb80000)
 ParOldGen       total 76800K, used 7175K [0x0000000090c00000, 0x0000000095700000, 0x00000000daf00000)
  object space 76800K, 9% used [0x0000000090c00000,0x0000000091301d68,0x0000000095700000)
 Metaspace       used 8250K, capacity 8326K, committed 8576K, reserved 1056768K
  class space    used 1025K, capacity 1045K, committed 1152K, reserved 1048576K
}
Event: 8.230 GC heap before
{Heap before GC invocations=3 (full 0):
 PSYoungGen      total 61952K, used 61951K [0x00000000daf00000, 0x00000000df000000, 0x0000000100000000)
  eden space 57344K, 100% used [0x00000000daf00000,0x00000000de700000,0x00000000de700000)
  from space 4608K, 99% used [0x00000000deb80000,0x00000000deffff38,0x00000000df000000)
  to   space 4608K, 0% used [0x00000000de700000,0x00000000de700000,0x00000000deb80000)
 ParOldGen       total 76800K, used 7175K [0x0000000090c00000, 0x0000000095700000, 0x00000000daf00000)
  object space 76800K, 9% used [0x0000000090c00000,0x0000000091301d68,0x0000000095700000)
 Metaspace       used 13194K, capacity 13340K, committed 13568K, reserved 1060864K
  class space    used 1738K, capacity 1790K, committed 1792K, reserved 1048576K
Event: 8.268 GC heap after
Heap after GC invocations=3 (full 0):
 PSYoungGen      total 61952K, used 4586K [0x00000000daf00000, 0x00000000e2800000, 0x0000000100000000)
  eden space 57344K, 0% used [0x00000000daf00000,0x00000000daf00000,0x00000000de700000)
  from space 4608K, 99% used [0x00000000de700000,0x00000000deb7aae0,0x00000000deb80000)
  to   space 4608K, 0% used [0x00000000e2380000,0x00000000e2380000,0x00000000e2800000)
 ParOldGen       total 76800K, used 18143K [0x0000000090c00000, 0x0000000095700000, 0x00000000daf00000)
  object space 76800K, 23% used [0x0000000090c00000,0x0000000091db7fe0,0x0000000095700000)
 Metaspace       used 13194K, capacity 13340K, committed 13568K, reserved 1060864K
  class space    used 1738K, capacity 1790K, committed 1792K, reserved 1048576K
}
Event: 23.361 GC heap before
{Heap before GC invocations=4 (full 0):
 PSYoungGen      total 61952K, used 61930K [0x00000000daf00000, 0x00000000e2800000, 0x0000000100000000)
  eden space 57344K, 100% used [0x00000000daf00000,0x00000000de700000,0x00000000de700000)
  from space 4608K, 99% used [0x00000000de700000,0x00000000deb7aae0,0x00000000deb80000)
  to   space 4608K, 0% used [0x00000000e2380000,0x00000000e2380000,0x00000000e2800000)
 ParOldGen       total 76800K, used 18143K [0x0000000090c00000, 0x0000000095700000, 0x00000000daf00000)
  object space 76800K, 23% used [0x0000000090c00000,0x0000000091db7fe0,0x0000000095700000)
 Metaspace       used 18588K, capacity 18810K, committed 18944K, reserved 1064960K
  class space    used 2421K, capacity 2467K, committed 2560K, reserved 1048576K
Event: 23.396 GC heap after
Heap after GC invocations=4 (full 0):
 PSYoungGen      total 119296K, used 4602K [0x00000000daf00000, 0x00000000e2800000, 0x0000000100000000)
  eden space 114688K, 0% used [0x00000000daf00000,0x00000000daf00000,0x00000000e1f00000)
  from space 4608K, 99% used [0x00000000e2380000,0x00000000e27fead0,0x00000000e2800000)
  to   space 4608K, 0% used [0x00000000e1f00000,0x00000000e1f00000,0x00000000e2380000)
 ParOldGen       total 76800K, used 25865K [0x0000000090c00000, 0x0000000095700000, 0x00000000daf00000)
  object space 76800K, 33% used [0x0000000090c00000,0x0000000092542460,0x0000000095700000)
 Metaspace       used 18588K, capacity 18810K, committed 18944K, reserved 1064960K
  class space    used 2421K, capacity 2467K, committed 2560K, reserved 1048576K
}
Event: 29.183 GC heap before
{Heap before GC invocations=5 (full 0):
 PSYoungGen      total 119296K, used 93364K [0x00000000daf00000, 0x00000000e2800000, 0x0000000100000000)
  eden space 114688K, 77% used [0x00000000daf00000,0x00000000e05ae780,0x00000000e1f00000)
  from space 4608K, 99% used [0x00000000e2380000,0x00000000e27fead0,0x00000000e2800000)
  to   space 4608K, 0% used [0x00000000e1f00000,0x00000000e1f00000,0x00000000e2380000)
 ParOldGen       total 76800K, used 25865K [0x0000000090c00000, 0x0000000095700000, 0x00000000daf00000)
  object space 76800K, 33% used [0x0000000090c00000,0x0000000092542460,0x0000000095700000)
 Metaspace       used 20896K, capacity 21154K, committed 21296K, reserved 1069056K
  class space    used 2632K, capacity 2687K, committed 2688K, reserved 1048576K
Event: 29.455 GC heap after
Heap after GC invocations=5 (full 0):
 PSYoungGen      total 119296K, used 4602K [0x00000000daf00000, 0x00000000eb100000, 0x0000000100000000)
  eden space 114688K, 0% used [0x00000000daf00000,0x00000000daf00000,0x00000000e1f00000)
  from space 4608K, 99% used [0x00000000e1f00000,0x00000000e237eaf0,0x00000000e2380000)
  to   space 17408K, 0% used [0x00000000ea000000,0x00000000ea000000,0x00000000eb100000)
 ParOldGen       total 76800K, used 29161K [0x0000000090c00000, 0x0000000095700000, 0x00000000daf00000)
  object space 76800K, 37% used [0x0000000090c00000,0x000000009287a620,0x0000000095700000)
 Metaspace       used 20896K, capacity 21154K, committed 21296K, reserved 1069056K
  class space    used 2632K, capacity 2687K, committed 2688K, reserved 1048576K
}
Event: 29.455 GC heap before
{Heap before GC invocations=6 (full 1):
 PSYoungGen      total 119296K, used 4602K [0x00000000daf00000, 0x00000000eb100000, 0x0000000100000000)
  eden space 114688K, 0% used [0x00000000daf00000,0x00000000daf00000,0x00000000e1f00000)
  from space 4608K, 99% used [0x00000000e1f00000,0x00000000e237eaf0,0x00000000e2380000)
  to   space 17408K, 0% used [0x00000000ea000000,0x00000000ea000000,0x00000000eb100000)
 ParOldGen       total 76800K, used 29161K [0x0000000090c00000, 0x0000000095700000, 0x00000000daf00000)
  object space 76800K, 37% used [0x0000000090c00000,0x000000009287a620,0x0000000095700000)
 Metaspace       used 20896K, capacity 21154K, committed 21296K, reserved 1069056K
  class space    used 2632K, capacity 2687K, committed 2688K, reserved 1048576K
Event: 30.175 GC heap after
Heap after GC invocations=6 (full 1):
 PSYoungGen      total 119296K, used 0K [0x00000000daf00000, 0x00000000eb100000, 0x0000000100000000)
  eden space 114688K, 0% used [0x00000000daf00000,0x00000000daf00000,0x00000000e1f00000)
  from space 4608K, 0% used [0x00000000e1f00000,0x00000000e1f00000,0x00000000e2380000)
  to   space 17408K, 0% used [0x00000000ea000000,0x00000000ea000000,0x00000000eb100000)
 ParOldGen       total 83456K, used 27776K [0x0000000090c00000, 0x0000000095d80000, 0x00000000daf00000)
  object space 83456K, 33% used [0x0000000090c00000,0x00000000927200e8,0x0000000095d80000)
 Metaspace       used 20896K, capacity 21154K, committed 21296K, reserved 1069056K
  class space    used 2632K, capacity 2687K, committed 2688K, reserved 1048576K
}

